<?xml version="1.0" encoding="UTF-8"?>
<!-- Generated by org.testng.reporters.JUnitXMLReporter -->
<testsuite hostname="D-1011" ignored="8" name="Default test" tests="1" failures="0" timestamp="20 Nov 2018 19:21:58 GMT" time="0.036" errors="0">
  <testcase name="@BeforeMethod setUp" time="0.0" classname="com.test.admin.uiAutomation.homePage.TC007_agentPage">
    <failure type="org.testng.TestNGException" message="
Parameter &amp;apos;browser&amp;apos; is required by BeforeMethod on method setUp but has not been marked @Optional or defined
in /tmp/testng-eclipse-885384790/testng-customsuite.xml">
      <![CDATA[org.testng.TestNGException: 
Parameter 'browser' is required by BeforeMethod on method setUp but has not been marked @Optional or defined
in /tmp/testng-eclipse-885384790/testng-customsuite.xml
at org.testng.internal.Parameters.createParams(Parameters.java:290)
at org.testng.internal.Parameters.createParametersForMethod(Parameters.java:359)
at org.testng.internal.Parameters.createParameters(Parameters.java:620)
at org.testng.internal.Parameters.createConfigurationParameters(Parameters.java:190)
at org.testng.internal.Invoker.invokeConfigurations(Invoker.java:209)
at org.testng.internal.Invoker.invokeMethod(Invoker.java:523)
at org.testng.internal.Invoker.invokeTestMethod(Invoker.java:719)
at org.testng.internal.Invoker.invokeTestMethods(Invoker.java:989)
at org.testng.internal.TestMethodWorker.invokeTestMethods(TestMethodWorker.java:125)
at org.testng.internal.TestMethodWorker.run(TestMethodWorker.java:109)
at org.testng.TestRunner.privateRun(TestRunner.java:648)
at org.testng.TestRunner.run(TestRunner.java:505)
at org.testng.SuiteRunner.runTest(SuiteRunner.java:455)
at org.testng.SuiteRunner.runSequentially(SuiteRunner.java:450)
at org.testng.SuiteRunner.privateRun(SuiteRunner.java:415)
at org.testng.SuiteRunner.run(SuiteRunner.java:364)
at org.testng.SuiteRunnerWorker.runSuite(SuiteRunnerWorker.java:52)
at org.testng.SuiteRunnerWorker.run(SuiteRunnerWorker.java:84)
at org.testng.TestNG.runSuitesSequentially(TestNG.java:1208)
at org.testng.TestNG.runSuitesLocally(TestNG.java:1137)
at org.testng.TestNG.runSuites(TestNG.java:1049)
at org.testng.TestNG.run(TestNG.java:1017)
at org.testng.remote.AbstractRemoteTestNG.run(AbstractRemoteTestNG.java:114)
at org.testng.remote.RemoteTestNG.initAndRun(RemoteTestNG.java:251)
at org.testng.remote.RemoteTestNG.main(RemoteTestNG.java:77)
]]>
    </failure>
  </testcase> <!-- @BeforeMethod setUp -->
  <testcase name="@AfterMethod endTest" time="0.0" classname="com.test.admin.uiAutomation.homePage.TC007_agentPage">
    <skipped/>
  </testcase> <!-- @AfterMethod endTest -->
  <testcase name="@AfterMethod getResult" time="0.0" classname="com.test.admin.uiAutomation.ExtentReport.ExtentReportBase">
    <skipped/>
  </testcase> <!-- @AfterMethod getResult -->
  <testcase name="agent_delete_modify" time="0.0" classname="com.test.admin.uiAutomation.homePage.TC007_agentPage">
    <skipped/>
  </testcase> <!-- agent_delete_modify -->
  <testcase name="Clone_Agent_With_Empty_AgentID" time="0.0" classname="com.test.admin.uiAutomation.homePage.TC007_agentPage">
    <ignored/>
  </testcase> <!-- Clone_Agent_With_Empty_AgentID -->
  <testcase name="Clone_Agent_With_8_Digits" time="0.0" classname="com.test.admin.uiAutomation.homePage.TC007_agentPage">
    <ignored/>
  </testcase> <!-- Clone_Agent_With_8_Digits -->
  <testcase name="Clone_Agent_With_3_Digits" time="0.0" classname="com.test.admin.uiAutomation.homePage.TC007_agentPage">
    <ignored/>
  </testcase> <!-- Clone_Agent_With_3_Digits -->
  <testcase name="Clone_Agent_Full_name" time="0.0" classname="com.test.admin.uiAutomation.homePage.TC007_agentPage">
    <ignored/>
  </testcase> <!-- Clone_Agent_Full_name -->
  <testcase name="Clone_Agent_empty_Password" time="0.0" classname="com.test.admin.uiAutomation.homePage.TC007_agentPage">
    <ignored/>
  </testcase> <!-- Clone_Agent_empty_Password -->
  <testcase name="Clone_Agent_With_Letters" time="0.0" classname="com.test.admin.uiAutomation.homePage.TC007_agentPage">
    <ignored/>
  </testcase> <!-- Clone_Agent_With_Letters -->
  <testcase name="Clone_Agent_oneLetter_Password" time="0.0" classname="com.test.admin.uiAutomation.homePage.TC007_agentPage">
    <ignored/>
  </testcase> <!-- Clone_Agent_oneLetter_Password -->
  <testcase name="Clone_Agent_Invalid_Password" time="0.0" classname="com.test.admin.uiAutomation.homePage.TC007_agentPage">
    <ignored/>
  </testcase> <!-- Clone_Agent_Invalid_Password -->
</testsuite> <!-- Default test -->
