<?xml version="1.0" encoding="UTF-8"?>
<!-- Generated by org.testng.reporters.JUnitXMLReporter -->
<testsuite hostname="D-1011" ignored="6" name="Test" tests="5" failures="3" timestamp="03 Jul 2018 17:27:42 GMT" time="82.044" errors="0">
  <testcase name="verifyLoginWithInvalidCredentials" time="1.592" classname="com.test.admin.uiAutomation.homePage.TC001_VerifyLoginWithInvalidCredentials"/>
  <testcase name="testLogin" time="20.34" classname="com.test.admin.uiAutomation.homePage.TC003_verifyLoginWithDifferentRecords"/>
  <testcase name="testLogin" time="2.676" classname="com.test.admin.uiAutomation.homePage.TC003_verifyLoginWithDifferentRecords">
    <failure type="java.lang.AssertionError" message="username or password is incorrect">
      <![CDATA[java.lang.AssertionError: username or password is incorrect
at com.test.admin.uiAutomation.uiActions.HomePage.loginErrorDisplayed(HomePage.java:72)
at com.test.admin.uiAutomation.homePage.TC003_verifyLoginWithDifferentRecords.testLogin(TC003_verifyLoginWithDifferentRecords.java:57)
at java.util.concurrent.ThreadPoolExecutor.runWorker(ThreadPoolExecutor.java:1149)
at java.util.concurrent.ThreadPoolExecutor$Worker.run(ThreadPoolExecutor.java:624)
at java.lang.Thread.run(Thread.java:748)
... Removed 11 stack frames]]>
    </failure>
  </testcase> <!-- testLogin -->
  <testcase name="testLogin" time="2.59" classname="com.test.admin.uiAutomation.homePage.TC003_verifyLoginWithDifferentRecords">
    <failure type="java.lang.AssertionError" message="username or password is incorrect">
      <![CDATA[java.lang.AssertionError: username or password is incorrect
at com.test.admin.uiAutomation.uiActions.HomePage.loginErrorDisplayed(HomePage.java:72)
at com.test.admin.uiAutomation.homePage.TC003_verifyLoginWithDifferentRecords.testLogin(TC003_verifyLoginWithDifferentRecords.java:57)
at java.util.concurrent.ThreadPoolExecutor.runWorker(ThreadPoolExecutor.java:1149)
at java.util.concurrent.ThreadPoolExecutor$Worker.run(ThreadPoolExecutor.java:624)
at java.lang.Thread.run(Thread.java:748)
... Removed 11 stack frames]]>
    </failure>
  </testcase> <!-- testLogin -->
  <testcase name="testStatus" time="75.528" classname="com.test.admin.uiAutomation.homePage.TC004_CheckCallStatus">
    <failure type="org.openqa.selenium.NoSuchElementException" message="no such element: Unable to locate element: {&amp;quot;method&amp;quot;:&amp;quot;xpath&amp;quot;,&amp;quot;selector&amp;quot;:&amp;quot;//html//span[@id=&amp;apos;realtime_content&amp;apos;]/div[@class=&amp;apos;row&amp;apos;]/div[1]/div[1]/h3&amp;quot;}
  (Session info: chrome=67.0.3396.87)
  (Driver info: chromedriver=2.40.565383 (76257d1ab79276b2d53ee976b2c3e3b9f335cde7),platform=Linux 4.4.0-128-generic x86_64) (WARNING: The server did not provide any stacktrace information)
Command duration or timeout: 60.07 seconds
For documentation on this error, please visit: http://seleniumhq.org/exceptions/no_such_element.html
Build info: version: &amp;apos;3.4.0&amp;apos;, revision: &amp;apos;unknown&amp;apos;, time: &amp;apos;unknown&amp;apos;
System info: host: &amp;apos;D-1011&amp;apos;, ip: &amp;apos;127.0.1.1&amp;apos;, os.name: &amp;apos;Linux&amp;apos;, os.arch: &amp;apos;amd64&amp;apos;, os.version: &amp;apos;4.4.0-128-generic&amp;apos;, java.version: &amp;apos;1.8.0_171&amp;apos;
Driver info: org.openqa.selenium.chrome.ChromeDriver
Capabilities [{applicationCacheEnabled=false, rotatable=false, mobileEmulationEnabled=false, networkConnectionEnabled=false, chrome={chromedriverVersion=2.40.565383 (76257d1ab79276b2d53ee976b2c3e3b9f335cde7), userDataDir=/tmp/.org.chromium.Chromium.UNeC7t}, takesHeapSnapshot=true, pageLoadStrategy=normal, databaseEnabled=false, handlesAlerts=true, hasTouchScreen=false, version=67.0.3396.87, platform=LINUX, browserConnectionEnabled=false, nativeEvents=true, acceptSslCerts=false, acceptInsecureCerts=false, locationContextEnabled=true, webStorageEnabled=true, browserName=chrome, takesScreenshot=true, javascriptEnabled=true, cssSelectorsEnabled=true, setWindowRect=true, unexpectedAlertBehaviour=}]
Session ID: 6d7ea8e0782db3904d82a37ec5e748cb
*** Element info: {Using=xpath, value=//html//span[@id=&amp;apos;realtime_content&amp;apos;]/div[@class=&amp;apos;row&amp;apos;]/div[1]/div[1]/h3}">
      <![CDATA[org.openqa.selenium.NoSuchElementException: no such element: Unable to locate element: {"method":"xpath","selector":"//html//span[@id='realtime_content']/div[@class='row']/div[1]/div[1]/h3"}
  (Session info: chrome=67.0.3396.87)
  (Driver info: chromedriver=2.40.565383 (76257d1ab79276b2d53ee976b2c3e3b9f335cde7),platform=Linux 4.4.0-128-generic x86_64) (WARNING: The server did not provide any stacktrace information)
Command duration or timeout: 60.07 seconds
For documentation on this error, please visit: http://seleniumhq.org/exceptions/no_such_element.html
Build info: version: '3.4.0', revision: 'unknown', time: 'unknown'
System info: host: 'D-1011', ip: '127.0.1.1', os.name: 'Linux', os.arch: 'amd64', os.version: '4.4.0-128-generic', java.version: '1.8.0_171'
Driver info: org.openqa.selenium.chrome.ChromeDriver
Capabilities [{applicationCacheEnabled=false, rotatable=false, mobileEmulationEnabled=false, networkConnectionEnabled=false, chrome={chromedriverVersion=2.40.565383 (76257d1ab79276b2d53ee976b2c3e3b9f335cde7), userDataDir=/tmp/.org.chromium.Chromium.UNeC7t}, takesHeapSnapshot=true, pageLoadStrategy=normal, databaseEnabled=false, handlesAlerts=true, hasTouchScreen=false, version=67.0.3396.87, platform=LINUX, browserConnectionEnabled=false, nativeEvents=true, acceptSslCerts=false, acceptInsecureCerts=false, locationContextEnabled=true, webStorageEnabled=true, browserName=chrome, takesScreenshot=true, javascriptEnabled=true, cssSelectorsEnabled=true, setWindowRect=true, unexpectedAlertBehaviour=}]
Session ID: 6d7ea8e0782db3904d82a37ec5e748cb
*** Element info: {Using=xpath, value=//html//span[@id='realtime_content']/div[@class='row']/div[1]/div[1]/h3}
at org.openqa.selenium.remote.ErrorHandler.createThrowable(ErrorHandler.java:215)
at org.openqa.selenium.remote.ErrorHandler.throwIfResponseFailed(ErrorHandler.java:167)
at org.openqa.selenium.remote.RemoteWebDriver.execute(RemoteWebDriver.java:671)
at org.openqa.selenium.remote.RemoteWebDriver.findElement(RemoteWebDriver.java:410)
at org.openqa.selenium.remote.RemoteWebDriver.findElementByXPath(RemoteWebDriver.java:509)
at org.openqa.selenium.By$ByXPath.findElement(By.java:361)
at org.openqa.selenium.remote.RemoteWebDriver.findElement(RemoteWebDriver.java:402)
at com.test.admin.uiAutomation.homePage.TC004_CheckCallStatus.testStatus(TC004_CheckCallStatus.java:34)
at java.util.concurrent.ThreadPoolExecutor.runWorker(ThreadPoolExecutor.java:1149)
at java.util.concurrent.ThreadPoolExecutor$Worker.run(ThreadPoolExecutor.java:624)
at java.lang.Thread.run(Thread.java:748)
... Removed 14 stack frames]]>
    </failure>
  </testcase> <!-- testStatus -->
  <testcase name="@BeforeSuite setUpExtentReport" time="0.0" classname="com.test.admin.uiAutomation.ExtentReport.ExtentReportBase">
    <ignored/>
  </testcase> <!-- @BeforeSuite setUpExtentReport -->
  <testcase name="@BeforeSuite setUpExtentReport" time="0.0" classname="com.test.admin.uiAutomation.ExtentReport.ExtentReportBase">
    <ignored/>
  </testcase> <!-- @BeforeSuite setUpExtentReport -->
  <testcase name="@BeforeSuite setUpExtentReport" time="0.0" classname="com.test.admin.uiAutomation.ExtentReport.ExtentReportBase">
    <ignored/>
  </testcase> <!-- @BeforeSuite setUpExtentReport -->
  <testcase name="@AfterSuite tearDown" time="0.0" classname="com.test.admin.uiAutomation.ExtentReport.ExtentReportBase">
    <ignored/>
  </testcase> <!-- @AfterSuite tearDown -->
  <testcase name="@AfterSuite tearDown" time="0.0" classname="com.test.admin.uiAutomation.ExtentReport.ExtentReportBase">
    <ignored/>
  </testcase> <!-- @AfterSuite tearDown -->
  <testcase name="@AfterSuite tearDown" time="0.0" classname="com.test.admin.uiAutomation.ExtentReport.ExtentReportBase">
    <ignored/>
  </testcase> <!-- @AfterSuite tearDown -->
</testsuite> <!-- Test -->
