<?xml version="1.0" encoding="UTF-8"?>
<!-- Generated by org.testng.reporters.JUnitXMLReporter -->
<testsuite hostname="D-1007" ignored="8" name="Testchrome" tests="2" failures="0" timestamp="20 Feb 2019 22:54:58 GMT" time="25.273" errors="0">
  <testcase name="@BeforeMethod setUp" time="3.816" classname="com.test.admin.uiAutomation.homePage.TC007_agentPage">
    <failure type="org.openqa.selenium.WebDriverException" message="unknown error: cannot determine loading status
from disconnected: received Inspector.detached event
  (Session info: chrome=69.0.3497.81)
  (Driver info: chromedriver=2.40.565383 (76257d1ab79276b2d53ee976b2c3e3b9f335cde7),platform=Linux 4.4.0-142-generic x86_64) (WARNING: The server did not provide any stacktrace information)
Command duration or timeout: 2.86 seconds
Build info: version: &amp;apos;3.4.0&amp;apos;, revision: &amp;apos;unknown&amp;apos;, time: &amp;apos;unknown&amp;apos;
System info: host: &amp;apos;D-1007&amp;apos;, ip: &amp;apos;127.0.1.1&amp;apos;, os.name: &amp;apos;Linux&amp;apos;, os.arch: &amp;apos;amd64&amp;apos;, os.version: &amp;apos;4.4.0-142-generic&amp;apos;, java.version: &amp;apos;1.8.0_191&amp;apos;
Driver info: org.openqa.selenium.chrome.ChromeDriver
Capabilities [{applicationCacheEnabled=false, rotatable=false, mobileEmulationEnabled=false, networkConnectionEnabled=false, chrome={chromedriverVersion=2.40.565383 (76257d1ab79276b2d53ee976b2c3e3b9f335cde7), userDataDir=/tmp/.org.chromium.Chromium.x0D022}, takesHeapSnapshot=true, pageLoadStrategy=normal, databaseEnabled=false, handlesAlerts=true, hasTouchScreen=false, version=69.0.3497.81, platform=LINUX, browserConnectionEnabled=false, nativeEvents=true, acceptSslCerts=false, acceptInsecureCerts=false, locationContextEnabled=true, webStorageEnabled=true, browserName=chrome, takesScreenshot=true, javascriptEnabled=true, cssSelectorsEnabled=true, setWindowRect=true, unexpectedAlertBehaviour=}]
Session ID: 0011a95dcbfc2bc4f17639df92aba2b5">
      <![CDATA[org.openqa.selenium.WebDriverException: unknown error: cannot determine loading status
from disconnected: received Inspector.detached event
  (Session info: chrome=69.0.3497.81)
  (Driver info: chromedriver=2.40.565383 (76257d1ab79276b2d53ee976b2c3e3b9f335cde7),platform=Linux 4.4.0-142-generic x86_64) (WARNING: The server did not provide any stacktrace information)
Command duration or timeout: 2.86 seconds
Build info: version: '3.4.0', revision: 'unknown', time: 'unknown'
System info: host: 'D-1007', ip: '127.0.1.1', os.name: 'Linux', os.arch: 'amd64', os.version: '4.4.0-142-generic', java.version: '1.8.0_191'
Driver info: org.openqa.selenium.chrome.ChromeDriver
Capabilities [{applicationCacheEnabled=false, rotatable=false, mobileEmulationEnabled=false, networkConnectionEnabled=false, chrome={chromedriverVersion=2.40.565383 (76257d1ab79276b2d53ee976b2c3e3b9f335cde7), userDataDir=/tmp/.org.chromium.Chromium.x0D022}, takesHeapSnapshot=true, pageLoadStrategy=normal, databaseEnabled=false, handlesAlerts=true, hasTouchScreen=false, version=69.0.3497.81, platform=LINUX, browserConnectionEnabled=false, nativeEvents=true, acceptSslCerts=false, acceptInsecureCerts=false, locationContextEnabled=true, webStorageEnabled=true, browserName=chrome, takesScreenshot=true, javascriptEnabled=true, cssSelectorsEnabled=true, setWindowRect=true, unexpectedAlertBehaviour=}]
Session ID: 0011a95dcbfc2bc4f17639df92aba2b5
at org.openqa.selenium.remote.ErrorHandler.createThrowable(ErrorHandler.java:215)
at org.openqa.selenium.remote.ErrorHandler.throwIfResponseFailed(ErrorHandler.java:167)
at org.openqa.selenium.remote.RemoteWebDriver.execute(RemoteWebDriver.java:671)
at org.openqa.selenium.remote.RemoteWebDriver.get(RemoteWebDriver.java:364)
at com.test.admin.uiAutomation.testBase.TestBase.getUrl(TestBase.java:48)
at com.test.admin.uiAutomation.testBase.TestBase.init(TestBase.java:25)
at com.test.admin.uiAutomation.homePage.TC007_agentPage.setUp(TC007_agentPage.java:36)
at java.util.concurrent.FutureTask.run(FutureTask.java:266)
at java.util.concurrent.ThreadPoolExecutor.runWorker(ThreadPoolExecutor.java:1149)
at java.util.concurrent.ThreadPoolExecutor$Worker.run(ThreadPoolExecutor.java:624)
at java.lang.Thread.run(Thread.java:748)
... Removed 23 stack frames]]>
    </failure>
  </testcase> <!-- @BeforeMethod setUp -->
  <testcase name="@AfterMethod endTest" time="0.0" classname="com.test.admin.uiAutomation.homePage.TC007_agentPage">
    <skipped/>
  </testcase> <!-- @AfterMethod endTest -->
  <testcase name="@AfterMethod getResult" time="0.0" classname="com.test.admin.uiAutomation.ExtentReport.ExtentReportBase">
    <skipped/>
  </testcase> <!-- @AfterMethod getResult -->
  <testcase name="Clone_Agent_With_3_Digits" time="15.347" classname="com.test.admin.uiAutomation.homePage.TC007_agentPage">
    <skipped/>
  </testcase> <!-- Clone_Agent_With_3_Digits -->
  <testcase name="Clone_Agent_With_3_Digits" time="0.0" classname="com.test.admin.uiAutomation.homePage.TC007_agentPage">
    <skipped/>
  </testcase> <!-- Clone_Agent_With_3_Digits -->
  <testcase name="Clone_Agent_With_Empty_AgentID" time="0.0" classname="com.test.admin.uiAutomation.homePage.TC007_agentPage">
    <ignored/>
  </testcase> <!-- Clone_Agent_With_Empty_AgentID -->
  <testcase name="Clone_Agent_With_8_Digits" time="0.0" classname="com.test.admin.uiAutomation.homePage.TC007_agentPage">
    <ignored/>
  </testcase> <!-- Clone_Agent_With_8_Digits -->
  <testcase name="Clone_Agent_Full_name" time="0.0" classname="com.test.admin.uiAutomation.homePage.TC007_agentPage">
    <ignored/>
  </testcase> <!-- Clone_Agent_Full_name -->
  <testcase name="Clone_Agent_empty_Password" time="0.0" classname="com.test.admin.uiAutomation.homePage.TC007_agentPage">
    <ignored/>
  </testcase> <!-- Clone_Agent_empty_Password -->
  <testcase name="Clone_Agent_With_Letters" time="0.0" classname="com.test.admin.uiAutomation.homePage.TC007_agentPage">
    <ignored/>
  </testcase> <!-- Clone_Agent_With_Letters -->
  <testcase name="agent_create_delete_modify" time="0.0" classname="com.test.admin.uiAutomation.homePage.TC007_agentPage">
    <ignored/>
  </testcase> <!-- agent_create_delete_modify -->
  <testcase name="Clone_Agent_oneLetter_Password" time="0.0" classname="com.test.admin.uiAutomation.homePage.TC007_agentPage">
    <ignored/>
  </testcase> <!-- Clone_Agent_oneLetter_Password -->
  <testcase name="Clone_Agent_Invalid_Password" time="0.0" classname="com.test.admin.uiAutomation.homePage.TC007_agentPage">
    <ignored/>
  </testcase> <!-- Clone_Agent_Invalid_Password -->
</testsuite> <!-- Testchrome -->
